android_app/app/build/intermediates/manifest_merge_blame_file/debug/processDebugMainManifest/manifest-merger-blame-debug-report.txt
1<?xml version="1.0" encoding="utf-8"?>
2<manifest xmlns:android="http://schemas.android.com/apk/res/android"
3    package="com.manyeyes"
4    android:versionCode="1"
5    android:versionName="0.1.0" >
6
7    <uses-sdk
8        android:minSdkVersion="24"
9        android:targetSdkVersion="34" />
10
11    <uses-permission android:name="android.permission.INTERNET" />
11-->src\main\AndroidManifest.xml:3:5-67
11-->src\main\AndroidManifest.xml:3:22-64
12    <uses-permission android:name="android.permission.ACCESS_NETWORK_STATE" />
12-->src\main\AndroidManifest.xml:4:5-79
12-->src\main\AndroidManifest.xml:4:22-76
13    <uses-permission android:name="android.permission.CAMERA" />
13-->src\main\AndroidManifest.xml:5:5-65
13-->src\main\AndroidManifest.xml:5:22-62
14    <uses-permission android:name="android.permission.RECORD_AUDIO" />
14-->src\main\AndroidManifest.xml:6:5-71
14-->src\main\AndroidManifest.xml:6:22-68
15    <uses-permission android:name="android.permission.FOREGROUND_SERVICE" />
15-->src\main\AndroidManifest.xml:7:5-77
15-->src\main\AndroidManifest.xml:7:22-74
16    <!-- Android 14+ granular foreground service permissions for declared types -->
17    <uses-permission android:name="android.permission.FOREGROUND_SERVICE_CAMERA" />
17-->src\main\AndroidManifest.xml:9:5-84
17-->src\main\AndroidManifest.xml:9:22-81
18    <uses-permission android:name="android.permission.FOREGROUND_SERVICE_MICROPHONE" />
18-->src\main\AndroidManifest.xml:10:5-88
18-->src\main\AndroidManifest.xml:10:22-85
19    <uses-permission android:name="android.permission.FOREGROUND_SERVICE_DATA_SYNC" />
19-->src\main\AndroidManifest.xml:11:5-87
19-->src\main\AndroidManifest.xml:11:22-84
20    <uses-permission android:name="android.permission.POST_NOTIFICATIONS" />
20-->src\main\AndroidManifest.xml:12:5-77
20-->src\main\AndroidManifest.xml:12:22-74
21    <!-- Required for floating bubble/overlay on Android 12+ -->
22    <uses-permission android:name="android.permission.SYSTEM_ALERT_WINDOW" />
22-->src\main\AndroidManifest.xml:14:5-78
22-->src\main\AndroidManifest.xml:14:22-75
23    <!-- Required for launching activities from background (Android 14+) -->
24    <uses-permission android:name="android.permission.USE_FULL_SCREEN_INTENT" />
24-->src\main\AndroidManifest.xml:16:5-81
24-->src\main\AndroidManifest.xml:16:22-78
25    <!-- Required for BootReceiver to auto-start signaling after reboot -->
26    <uses-permission android:name="android.permission.RECEIVE_BOOT_COMPLETED" />
26-->src\main\AndroidManifest.xml:18:5-81
26-->src\main\AndroidManifest.xml:18:22-78
27    <!-- Location tracking permissions -->
28    <uses-permission android:name="android.permission.ACCESS_FINE_LOCATION" />
28-->src\main\AndroidManifest.xml:20:5-79
28-->src\main\AndroidManifest.xml:20:22-76
29    <uses-permission android:name="android.permission.ACCESS_COARSE_LOCATION" />
29-->src\main\AndroidManifest.xml:21:5-81
29-->src\main\AndroidManifest.xml:21:22-78
30    <uses-permission android:name="android.permission.ACCESS_BACKGROUND_LOCATION" />
30-->src\main\AndroidManifest.xml:22:5-85
30-->src\main\AndroidManifest.xml:22:22-82
31    <uses-permission android:name="android.permission.FOREGROUND_SERVICE_LOCATION" />
31-->src\main\AndroidManifest.xml:23:5-86
31-->src\main\AndroidManifest.xml:23:22-83
32    <!-- Screen sharing permissions -->
33    <uses-permission android:name="android.permission.FOREGROUND_SERVICE_MEDIA_PROJECTION" />
33-->src\main\AndroidManifest.xml:25:5-94
33-->src\main\AndroidManifest.xml:25:22-91
34    <!-- Disable camera requirement so app installs on devices without camera -->
35    <uses-feature
35-->src\main\AndroidManifest.xml:27:5-85
36        android:name="android.hardware.camera"
36-->src\main\AndroidManifest.xml:27:19-57
37        android:required="false" />
37-->src\main\AndroidManifest.xml:27:58-82
38    <uses-feature
38-->src\main\AndroidManifest.xml:28:5-95
39        android:name="android.hardware.camera.autofocus"
39-->src\main\AndroidManifest.xml:28:19-67
40        android:required="false" />
40-->src\main\AndroidManifest.xml:28:68-92
41
42    <permission
42-->[androidx.core:core:1.13.1] AndroidManifest.xml:22:5-24:47
43        android:name="com.manyeyes.DYNAMIC_RECEIVER_NOT_EXPORTED_PERMISSION"
43-->[androidx.core:core:1.13.1] AndroidManifest.xml:23:9-81
44        android:protectionLevel="signature" />
44-->[androidx.core:core:1.13.1] AndroidManifest.xml:24:9-44
45
46    <uses-permission android:name="com.manyeyes.DYNAMIC_RECEIVER_NOT_EXPORTED_PERMISSION" />
46-->[androidx.core:core:1.13.1] AndroidManifest.xml:26:5-97
46-->[androidx.core:core:1.13.1] AndroidManifest.xml:26:22-94
47
48    <supports-screens
48-->[org.osmdroid:osmdroid-android:6.1.18] AndroidManifest.xml:9:5-12:40
49        android:anyDensity="true"
49-->[org.osmdroid:osmdroid-android:6.1.18] AndroidManifest.xml:10:9-34
50        android:largeScreens="true"
50-->[org.osmdroid:osmdroid-android:6.1.18] AndroidManifest.xml:11:9-36
51        android:normalScreens="true" />
51-->[org.osmdroid:osmdroid-android:6.1.18] AndroidManifest.xml:12:9-37
52
53    <uses-feature
53-->[org.osmdroid:osmdroid-android:6.1.18] AndroidManifest.xml:14:5-16:36
54        android:name="android.hardware.location.network"
54-->[org.osmdroid:osmdroid-android:6.1.18] AndroidManifest.xml:15:9-57
55        android:required="false" />
55-->[org.osmdroid:osmdroid-android:6.1.18] AndroidManifest.xml:16:9-33
56    <uses-feature
56-->[org.osmdroid:osmdroid-android:6.1.18] AndroidManifest.xml:17:5-19:36
57        android:name="android.hardware.location.gps"
57-->[org.osmdroid:osmdroid-android:6.1.18] AndroidManifest.xml:18:9-53
58        android:required="false" />
58-->[org.osmdroid:osmdroid-android:6.1.18] AndroidManifest.xml:19:9-33
59    <uses-feature
59-->[org.osmdroid:osmdroid-android:6.1.18] AndroidManifest.xml:20:5-22:36
60        android:name="android.hardware.telephony"
60-->[org.osmdroid:osmdroid-android:6.1.18] AndroidManifest.xml:21:9-50
61        android:required="false" />
61-->[org.osmdroid:osmdroid-android:6.1.18] AndroidManifest.xml:22:9-33
62    <uses-feature
62-->[org.osmdroid:osmdroid-android:6.1.18] AndroidManifest.xml:23:5-25:36
63        android:name="android.hardware.wifi"
63-->[org.osmdroid:osmdroid-android:6.1.18] AndroidManifest.xml:24:9-45
64        android:required="false" />
64-->[org.osmdroid:osmdroid-android:6.1.18] AndroidManifest.xml:25:9-33
65
66    <application
66-->src\main\AndroidManifest.xml:30:5-81:19
67        android:allowBackup="false"
67-->src\main\AndroidManifest.xml:31:9-36
68        android:appComponentFactory="androidx.core.app.CoreComponentFactory"
68-->[androidx.core:core:1.13.1] AndroidManifest.xml:28:18-86
69        android:debuggable="true"
70        android:extractNativeLibs="false"
71        android:icon="@android:drawable/sym_def_app_icon"
71-->src\main\AndroidManifest.xml:33:9-58
72        android:label="ManyEyes"
72-->src\main\AndroidManifest.xml:32:9-33
73        android:usesCleartextTraffic="true" >
73-->src\main\AndroidManifest.xml:34:9-44
74        <activity
74-->src\main\AndroidManifest.xml:35:9-40:20
75            android:name="com.manyeyes.MainActivity"
75-->src\main\AndroidManifest.xml:35:19-47
76            android:exported="true" >
76-->src\main\AndroidManifest.xml:35:48-71
77            <intent-filter>
77-->src\main\AndroidManifest.xml:36:13-39:29
78                <action android:name="android.intent.action.MAIN" />
78-->src\main\AndroidManifest.xml:37:17-69
78-->src\main\AndroidManifest.xml:37:25-66
79
80                <category android:name="android.intent.category.LAUNCHER" />
80-->src\main\AndroidManifest.xml:38:17-77
80-->src\main\AndroidManifest.xml:38:27-74
81            </intent-filter>
82        </activity>
83        <!-- Floating camera bubble activity - keeps app in foreground for camera access -->
84        <activity
84-->src\main\AndroidManifest.xml:42:9-51:94
85            android:name="com.manyeyes.streaming.FloatingCameraActivity"
85-->src\main\AndroidManifest.xml:43:13-61
86            android:configChanges="orientation|screenSize|screenLayout|smallestScreenSize"
86-->src\main\AndroidManifest.xml:51:13-91
87            android:excludeFromRecents="true"
87-->src\main\AndroidManifest.xml:45:13-46
88            android:exported="false"
88-->src\main\AndroidManifest.xml:44:13-37
89            android:launchMode="singleInstance"
89-->src\main\AndroidManifest.xml:47:13-48
90            android:showOnLockScreen="true"
90-->src\main\AndroidManifest.xml:49:13-44
91            android:taskAffinity=""
91-->src\main\AndroidManifest.xml:46:13-36
92            android:theme="@style/Theme.ManyEyes.Floating"
92-->src\main\AndroidManifest.xml:48:13-59
93            android:turnScreenOn="true" />
93-->src\main\AndroidManifest.xml:50:13-40
94        <!-- Screen capture consent activity (transparent, auto-finishes) -->
95        <activity
95-->src\main\AndroidManifest.xml:53:9-59:51
96            android:name="com.manyeyes.streaming.ScreenCaptureActivity"
96-->src\main\AndroidManifest.xml:54:13-60
97            android:excludeFromRecents="true"
97-->src\main\AndroidManifest.xml:57:13-46
98            android:exported="false"
98-->src\main\AndroidManifest.xml:55:13-37
99            android:launchMode="singleInstance"
99-->src\main\AndroidManifest.xml:59:13-48
100            android:taskAffinity=""
100-->src\main\AndroidManifest.xml:58:13-36
101            android:theme="@android:style/Theme.Translucent.NoTitleBar" />
101-->src\main\AndroidManifest.xml:56:13-72
102        <!-- Signaling service — declared with ALL types it may need at runtime -->
103        <service
103-->src\main\AndroidManifest.xml:61:9-64:99
104            android:name="com.manyeyes.signaling.SignalingForegroundService"
104-->src\main\AndroidManifest.xml:62:13-65
105            android:exported="false"
105-->src\main\AndroidManifest.xml:63:13-37
106            android:foregroundServiceType="camera|microphone|dataSync|location|mediaProjection" />
106-->src\main\AndroidManifest.xml:64:13-96
107        <!-- Stream service (legacy, kept as fallback) -->
108        <service
108-->src\main\AndroidManifest.xml:66:9-69:74
109            android:name="com.manyeyes.streaming.StreamForegroundService"
109-->src\main\AndroidManifest.xml:67:13-62
110            android:exported="false"
110-->src\main\AndroidManifest.xml:68:13-37
111            android:foregroundServiceType="camera|microphone|dataSync" />
111-->src\main\AndroidManifest.xml:69:13-71
112        <!-- Boot receiver to auto-start signaling after device reboot -->
113        <receiver
113-->src\main\AndroidManifest.xml:71:9-80:20
114            android:name="com.manyeyes.BootReceiver"
114-->src\main\AndroidManifest.xml:72:13-41
115            android:enabled="true"
115-->src\main\AndroidManifest.xml:74:13-35
116            android:exported="true" >
116-->src\main\AndroidManifest.xml:73:13-36
117            <intent-filter>
117-->src\main\AndroidManifest.xml:75:13-79:29
118                <action android:name="android.intent.action.BOOT_COMPLETED" />
118-->src\main\AndroidManifest.xml:76:17-79
118-->src\main\AndroidManifest.xml:76:25-76
119                <action android:name="android.intent.action.QUICKBOOT_POWERON" />
119-->src\main\AndroidManifest.xml:77:17-82
119-->src\main\AndroidManifest.xml:77:25-79
120                <action android:name="android.intent.action.MY_PACKAGE_REPLACED" />
120-->src\main\AndroidManifest.xml:78:17-84
120-->src\main\AndroidManifest.xml:78:25-81
121            </intent-filter>
122        </receiver>
123
124        <service
124-->[androidx.camera:camera-camera2:1.3.4] AndroidManifest.xml:24:9-33:19
125            android:name="androidx.camera.core.impl.MetadataHolderService"
125-->[androidx.camera:camera-camera2:1.3.4] AndroidManifest.xml:25:13-75
126            android:enabled="false"
126-->[androidx.camera:camera-camera2:1.3.4] AndroidManifest.xml:26:13-36
127            android:exported="false" >
127-->[androidx.camera:camera-camera2:1.3.4] AndroidManifest.xml:27:13-37
128            <meta-data
128-->[androidx.camera:camera-camera2:1.3.4] AndroidManifest.xml:30:13-32:89
129                android:name="androidx.camera.core.impl.MetadataHolderService.DEFAULT_CONFIG_PROVIDER"
129-->[androidx.camera:camera-camera2:1.3.4] AndroidManifest.xml:31:17-103
130                android:value="androidx.camera.camera2.Camera2Config$DefaultProvider" />
130-->[androidx.camera:camera-camera2:1.3.4] AndroidManifest.xml:32:17-86
131        </service>
132
133        <activity
133-->[com.google.android.gms:play-services-base:18.3.0] AndroidManifest.xml:20:9-22:45
134            android:name="com.google.android.gms.common.api.GoogleApiActivity"
134-->[com.google.android.gms:play-services-base:18.3.0] AndroidManifest.xml:20:19-85
135            android:exported="false"
135-->[com.google.android.gms:play-services-base:18.3.0] AndroidManifest.xml:22:19-43
136            android:theme="@android:style/Theme.Translucent.NoTitleBar" />
136-->[com.google.android.gms:play-services-base:18.3.0] AndroidManifest.xml:21:19-78
137
138        <meta-data
138-->[com.google.android.gms:play-services-basement:18.3.0] AndroidManifest.xml:21:9-23:69
139            android:name="com.google.android.gms.version"
139-->[com.google.android.gms:play-services-basement:18.3.0] AndroidManifest.xml:22:13-58
140            android:value="@integer/google_play_services_version" />
140-->[com.google.android.gms:play-services-basement:18.3.0] AndroidManifest.xml:23:13-66
141
142        <activity
142-->[androidx.compose.ui:ui-tooling-android:1.6.8] AndroidManifest.xml:23:9-25:39
143            android:name="androidx.compose.ui.tooling.PreviewActivity"
143-->[androidx.compose.ui:ui-tooling-android:1.6.8] AndroidManifest.xml:24:13-71
144            android:exported="true" />
144-->[androidx.compose.ui:ui-tooling-android:1.6.8] AndroidManifest.xml:25:13-36
145
146        <provider
146-->[androidx.emoji2:emoji2:1.3.0] AndroidManifest.xml:24:9-32:20
147            android:name="androidx.startup.InitializationProvider"
147-->[androidx.emoji2:emoji2:1.3.0] AndroidManifest.xml:25:13-67
148            android:authorities="com.manyeyes.androidx-startup"
148-->[androidx.emoji2:emoji2:1.3.0] AndroidManifest.xml:26:13-68
149            android:exported="false" >
149-->[androidx.emoji2:emoji2:1.3.0] AndroidManifest.xml:27:13-37
150            <meta-data
150-->[androidx.emoji2:emoji2:1.3.0] AndroidManifest.xml:29:13-31:52
151                android:name="androidx.emoji2.text.EmojiCompatInitializer"
151-->[androidx.emoji2:emoji2:1.3.0] AndroidManifest.xml:30:17-75
152                android:value="androidx.startup" />
152-->[androidx.emoji2:emoji2:1.3.0] AndroidManifest.xml:31:17-49
153            <meta-data
153-->[androidx.lifecycle:lifecycle-process:2.8.4] AndroidManifest.xml:29:13-31:52
154                android:name="androidx.lifecycle.ProcessLifecycleInitializer"
154-->[androidx.lifecycle:lifecycle-process:2.8.4] AndroidManifest.xml:30:17-78
155                android:value="androidx.startup" />
155-->[androidx.lifecycle:lifecycle-process:2.8.4] AndroidManifest.xml:31:17-49
156            <meta-data
156-->[androidx.profileinstaller:profileinstaller:1.3.1] AndroidManifest.xml:29:13-31:52
157                android:name="androidx.profileinstaller.ProfileInstallerInitializer"
157-->[androidx.profileinstaller:profileinstaller:1.3.1] AndroidManifest.xml:30:17-85
158                android:value="androidx.startup" />
158-->[androidx.profileinstaller:profileinstaller:1.3.1] AndroidManifest.xml:31:17-49
159        </provider>
160
161        <receiver
161-->[androidx.profileinstaller:profileinstaller:1.3.1] AndroidManifest.xml:34:9-52:20
162            android:name="androidx.profileinstaller.ProfileInstallReceiver"
162-->[androidx.profileinstaller:profileinstaller:1.3.1] AndroidManifest.xml:35:13-76
163            android:directBootAware="false"
163-->[androidx.profileinstaller:profileinstaller:1.3.1] AndroidManifest.xml:36:13-44
164            android:enabled="true"
164-->[androidx.profileinstaller:profileinstaller:1.3.1] AndroidManifest.xml:37:13-35
165            android:exported="true"
165-->[androidx.profileinstaller:profileinstaller:1.3.1] AndroidManifest.xml:38:13-36
166            android:permission="android.permission.DUMP" >
166-->[androidx.profileinstaller:profileinstaller:1.3.1] AndroidManifest.xml:39:13-57
167            <intent-filter>
167-->[androidx.profileinstaller:profileinstaller:1.3.1] AndroidManifest.xml:40:13-42:29
168                <action android:name="androidx.profileinstaller.action.INSTALL_PROFILE" />
168-->[androidx.profileinstaller:profileinstaller:1.3.1] AndroidManifest.xml:41:17-91
168-->[androidx.profileinstaller:profileinstaller:1.3.1] AndroidManifest.xml:41:25-88
169            </intent-filter>
170            <intent-filter>
170-->[androidx.profileinstaller:profileinstaller:1.3.1] AndroidManifest.xml:43:13-45:29
171                <action android:name="androidx.profileinstaller.action.SKIP_FILE" />
171-->[androidx.profileinstaller:profileinstaller:1.3.1] AndroidManifest.xml:44:17-85
171-->[androidx.profileinstaller:profileinstaller:1.3.1] AndroidManifest.xml:44:25-82
172            </intent-filter>
173            <intent-filter>
173-->[androidx.profileinstaller:profileinstaller:1.3.1] AndroidManifest.xml:46:13-48:29
174                <action android:name="androidx.profileinstaller.action.SAVE_PROFILE" />
174-->[androidx.profileinstaller:profileinstaller:1.3.1] AndroidManifest.xml:47:17-88
174-->[androidx.profileinstaller:profileinstaller:1.3.1] AndroidManifest.xml:47:25-85
175            </intent-filter>
176            <intent-filter>
176-->[androidx.profileinstaller:profileinstaller:1.3.1] AndroidManifest.xml:49:13-51:29
177                <action android:name="androidx.profileinstaller.action.BENCHMARK_OPERATION" />
177-->[androidx.profileinstaller:profileinstaller:1.3.1] AndroidManifest.xml:50:17-95
177-->[androidx.profileinstaller:profileinstaller:1.3.1] AndroidManifest.xml:50:25-92
178            </intent-filter>
179        </receiver>
180    </application>
181
182</manifest>